

Tipo exhaustivo: 
 Trafico = a
[[0.0964916, 0.0700254, 0.0494854, 0.035163, 0.0174498, 0.0110681], [0.198542, 0.168532, 0.141766, 0.112323, 0.0940078, 0.068318], [0.0701312, 0.0508734, 0.0393782, 0.0239774, 0.0167061, 0.00795978], [0.0612506, 0.0441853, 0.0322674, 0.02373, 0.0106618, 0.00741198], [0.190719, 0.168577, 0.140094, 0.113704, 0.0954259, 0.0654167]]
 Trafico = b
[[0.0964916, 0.0700254, 0.0494854, 0.035163, 0.0174498, 0.0110681], [0.198542, 0.168532, 0.141766, 0.112323, 0.0940078, 0.068318], [0.0701312, 0.0508734, 0.0393782, 0.0239774, 0.0167061, 0.00795978], [0.0612506, 0.0441853, 0.0322674, 0.02373, 0.0106618, 0.00741198], [0.190719, 0.168577, 0.140094, 0.113704, 0.0954259, 0.0654167]]
 Trafico = c
[[0.0964916, 0.0700254, 0.0494854, 0.035163, 0.0174498, 0.0110681], [0.198542, 0.168532, 0.141766, 0.112323, 0.0940078, 0.068318], [0.0701312, 0.0508734, 0.0393782, 0.0239774, 0.0167061, 0.00795978], [0.0612506, 0.0441853, 0.0322674, 0.02373, 0.0106618, 0.00741198], [0.190719, 0.168577, 0.140094, 0.113704, 0.0954259, 0.0654167]]
 Trafico = d
[[0.0964916, 0.0700254, 0.0494854, 0.035163, 0.0174498, 0.0110681], [0.198542, 0.168532, 0.141766, 0.112323, 0.0940078, 0.068318], [0.0701312, 0.0508734, 0.0393782, 0.0239774, 0.0167061, 0.00795978], [0.0612506, 0.0441853, 0.0322674, 0.02373, 0.0106618, 0.00741198], [0.190719, 0.168577, 0.140094, 0.113704, 0.0954259, 0.0654167]]
 Trafico = e
[[0.0964916, 0.0700254, 0.0494854, 0.035163, 0.0174498, 0.0110681], [0.198542, 0.168532, 0.141766, 0.112323, 0.0940078, 0.068318], [0.0701312, 0.0508734, 0.0393782, 0.0239774, 0.0167061, 0.00795978], [0.0612506, 0.0441853, 0.0322674, 0.02373, 0.0106618, 0.00741198], [0.190719, 0.168577, 0.140094, 0.113704, 0.0954259, 0.0654167]]


Tipo con_reserva: 
 Trafico = a
[[0.0811367, 0.0625986, 0.0461351, 0.0305098, 0.0122608, 0.00708466], [0.226892, 0.194385, 0.163047, 0.125138, 0.0892383, 0.0833333], [0.155858, 0.124959, 0.102089, 0.0767912, 0.045208, 0.0368964], [0.0434611, 0.0344949, 0.0256248, 0.0173783, 0.00887341, 0.00486486], [0.163274, 0.143558, 0.126461, 0.105526, 0.0833519, 0.0591054]]
 Trafico = b
[[0.0811367, 0.0625986, 0.0461351, 0.0305098, 0.0122608, 0.00708466], [0.226892, 0.194385, 0.163047, 0.125138, 0.0892383, 0.0833333], [0.155858, 0.124959, 0.102089, 0.0767912, 0.045208, 0.0368964], [0.0434611, 0.0344949, 0.0256248, 0.0173783, 0.00887341, 0.00486486], [0.163274, 0.143558, 0.126461, 0.105526, 0.0833519, 0.0591054]]
 Trafico = c
[[0.0811367, 0.0625986, 0.0461351, 0.0305098, 0.0122608, 0.00708466], [0.226892, 0.194385, 0.163047, 0.125138, 0.0892383, 0.0833333], [0.155858, 0.124959, 0.102089, 0.0767912, 0.045208, 0.0368964], [0.0434611, 0.0344949, 0.0256248, 0.0173783, 0.00887341, 0.00486486], [0.163274, 0.143558, 0.126461, 0.105526, 0.0833519, 0.0591054]]
 Trafico = d
[[0.0811367, 0.0625986, 0.0461351, 0.0305098, 0.0122608, 0.00708466], [0.226892, 0.194385, 0.163047, 0.125138, 0.0892383, 0.0833333], [0.155858, 0.124959, 0.102089, 0.0767912, 0.045208, 0.0368964], [0.0434611, 0.0344949, 0.0256248, 0.0173783, 0.00887341, 0.00486486], [0.163274, 0.143558, 0.126461, 0.105526, 0.0833519, 0.0591054]]
 Trafico = e
[[0.0811367, 0.0625986, 0.0461351, 0.0305098, 0.0122608, 0.00708466], [0.226892, 0.194385, 0.163047, 0.125138, 0.0892383, 0.0833333], [0.155858, 0.124959, 0.102089, 0.0767912, 0.045208, 0.0368964], [0.0434611, 0.0344949, 0.0256248, 0.0173783, 0.00887341, 0.00486486], [0.163274, 0.143558, 0.126461, 0.105526, 0.0833519, 0.0591054]]


Tipo axial: 
 Trafico = a
[[0.410854, 0.390414, 0.368953, 0.346237, 0.321944, 0.295984], [0.000447779, 0.000191822, 7.30439e-05, 2.54054e-05, 1.07512e-05, 2.34307e-06], [0.0240501, 0.0159037, 0.0100292, 0.00587766, 0.00326188, 0.00159356], [0.644231, 0.62217, 0.597241, 0.569416, 0.53782, 0.502917], [0.134871, 0.112689, 0.0923304, 0.0734479, 0.0558436, 0.0409615], [0.445146, 0.421016, 0.395665, 0.368527, 0.339941, 0.309382], [0.0121753, 0.00806677, 0.0050692, 0.00296416, 0.00161786, 0.000818718], [0.000234205, 9.71202e-05, 3.81407e-05, 1.38534e-05, 3.25288e-06, 1.61224e-06], [0.403853, 0.385848, 0.366147, 0.344545, 0.321018, 0.295054], [0.0704744, 0.0587526, 0.0477918, 0.037821, 0.0288043, 0.0209691]]
 Trafico = b
[[0.410854, 0.390414, 0.368953, 0.346237, 0.321944, 0.295984], [0.000447779, 0.000191822, 7.30439e-05, 2.54054e-05, 1.07512e-05, 2.34307e-06], [0.0240501, 0.0159037, 0.0100292, 0.00587766, 0.00326188, 0.00159356], [0.644231, 0.62217, 0.597241, 0.569416, 0.53782, 0.502917], [0.134871, 0.112689, 0.0923304, 0.0734479, 0.0558436, 0.0409615], [0.445146, 0.421016, 0.395665, 0.368527, 0.339941, 0.309382], [0.0121753, 0.00806677, 0.0050692, 0.00296416, 0.00161786, 0.000818718], [0.000234205, 9.71202e-05, 3.81407e-05, 1.38534e-05, 3.25288e-06, 1.61224e-06], [0.403853, 0.385848, 0.366147, 0.344545, 0.321018, 0.295054], [0.0704744, 0.0587526, 0.0477918, 0.037821, 0.0288043, 0.0209691]]
 Trafico = c
[[0.410854, 0.390414, 0.368953, 0.346237, 0.321944, 0.295984], [0.000447779, 0.000191822, 7.30439e-05, 2.54054e-05, 1.07512e-05, 2.34307e-06], [0.0240501, 0.0159037, 0.0100292, 0.00587766, 0.00326188, 0.00159356], [0.644231, 0.62217, 0.597241, 0.569416, 0.53782, 0.502917], [0.134871, 0.112689, 0.0923304, 0.0734479, 0.0558436, 0.0409615], [0.445146, 0.421016, 0.395665, 0.368527, 0.339941, 0.309382], [0.0121753, 0.00806677, 0.0050692, 0.00296416, 0.00161786, 0.000818718], [0.000234205, 9.71202e-05, 3.81407e-05, 1.38534e-05, 3.25288e-06, 1.61224e-06], [0.403853, 0.385848, 0.366147, 0.344545, 0.321018, 0.295054], [0.0704744, 0.0587526, 0.0477918, 0.037821, 0.0288043, 0.0209691]]
 Trafico = d
[[0.410854, 0.390414, 0.368953, 0.346237, 0.321944, 0.295984], [0.000447779, 0.000191822, 7.30439e-05, 2.54054e-05, 1.07512e-05, 2.34307e-06], [0.0240501, 0.0159037, 0.0100292, 0.00587766, 0.00326188, 0.00159356], [0.644231, 0.62217, 0.597241, 0.569416, 0.53782, 0.502917], [0.134871, 0.112689, 0.0923304, 0.0734479, 0.0558436, 0.0409615], [0.445146, 0.421016, 0.395665, 0.368527, 0.339941, 0.309382], [0.0121753, 0.00806677, 0.0050692, 0.00296416, 0.00161786, 0.000818718], [0.000234205, 9.71202e-05, 3.81407e-05, 1.38534e-05, 3.25288e-06, 1.61224e-06], [0.403853, 0.385848, 0.366147, 0.344545, 0.321018, 0.295054], [0.0704744, 0.0587526, 0.0477918, 0.037821, 0.0288043, 0.0209691]]
 Trafico = e
[[0.410854, 0.390414, 0.368953, 0.346237, 0.321944, 0.295984], [0.000447779, 0.000191822, 7.30439e-05, 2.54054e-05, 1.07512e-05, 2.34307e-06], [0.0240501, 0.0159037, 0.0100292, 0.00587766, 0.00326188, 0.00159356], [0.644231, 0.62217, 0.597241, 0.569416, 0.53782, 0.502917], [0.134871, 0.112689, 0.0923304, 0.0734479, 0.0558436, 0.0409615], [0.445146, 0.421016, 0.395665, 0.368527, 0.339941, 0.309382], [0.0121753, 0.00806677, 0.0050692, 0.00296416, 0.00161786, 0.000818718], [0.000234205, 9.71202e-05, 3.81407e-05, 1.38534e-05, 3.25288e-06, 1.61224e-06], [0.403853, 0.385848, 0.366147, 0.344545, 0.321018, 0.295054], [0.0704744, 0.0587526, 0.0477918, 0.037821, 0.0288043, 0.0209691]]
 Trafico = f
[[0.410854, 0.390414, 0.368953, 0.346237, 0.321944, 0.295984], [0.000447779, 0.000191822, 7.30439e-05, 2.54054e-05, 1.07512e-05, 2.34307e-06], [0.0240501, 0.0159037, 0.0100292, 0.00587766, 0.00326188, 0.00159356], [0.644231, 0.62217, 0.597241, 0.569416, 0.53782, 0.502917], [0.134871, 0.112689, 0.0923304, 0.0734479, 0.0558436, 0.0409615], [0.445146, 0.421016, 0.395665, 0.368527, 0.339941, 0.309382], [0.0121753, 0.00806677, 0.0050692, 0.00296416, 0.00161786, 0.000818718], [0.000234205, 9.71202e-05, 3.81407e-05, 1.38534e-05, 3.25288e-06, 1.61224e-06], [0.403853, 0.385848, 0.366147, 0.344545, 0.321018, 0.295054], [0.0704744, 0.0587526, 0.0477918, 0.037821, 0.0288043, 0.0209691]]
 Trafico = g
[[0.410854, 0.390414, 0.368953, 0.346237, 0.321944, 0.295984], [0.000447779, 0.000191822, 7.30439e-05, 2.54054e-05, 1.07512e-05, 2.34307e-06], [0.0240501, 0.0159037, 0.0100292, 0.00587766, 0.00326188, 0.00159356], [0.644231, 0.62217, 0.597241, 0.569416, 0.53782, 0.502917], [0.134871, 0.112689, 0.0923304, 0.0734479, 0.0558436, 0.0409615], [0.445146, 0.421016, 0.395665, 0.368527, 0.339941, 0.309382], [0.0121753, 0.00806677, 0.0050692, 0.00296416, 0.00161786, 0.000818718], [0.000234205, 9.71202e-05, 3.81407e-05, 1.38534e-05, 3.25288e-06, 1.61224e-06], [0.403853, 0.385848, 0.366147, 0.344545, 0.321018, 0.295054], [0.0704744, 0.0587526, 0.0477918, 0.037821, 0.0288043, 0.0209691]]
 Trafico = h
[[0.410854, 0.390414, 0.368953, 0.346237, 0.321944, 0.295984], [0.000447779, 0.000191822, 7.30439e-05, 2.54054e-05, 1.07512e-05, 2.34307e-06], [0.0240501, 0.0159037, 0.0100292, 0.00587766, 0.00326188, 0.00159356], [0.644231, 0.62217, 0.597241, 0.569416, 0.53782, 0.502917], [0.134871, 0.112689, 0.0923304, 0.0734479, 0.0558436, 0.0409615], [0.445146, 0.421016, 0.395665, 0.368527, 0.339941, 0.309382], [0.0121753, 0.00806677, 0.0050692, 0.00296416, 0.00161786, 0.000818718], [0.000234205, 9.71202e-05, 3.81407e-05, 1.38534e-05, 3.25288e-06, 1.61224e-06], [0.403853, 0.385848, 0.366147, 0.344545, 0.321018, 0.295054], [0.0704744, 0.0587526, 0.0477918, 0.037821, 0.0288043, 0.0209691]]
 Trafico = i
[[0.410854, 0.390414, 0.368953, 0.346237, 0.321944, 0.295984], [0.000447779, 0.000191822, 7.30439e-05, 2.54054e-05, 1.07512e-05, 2.34307e-06], [0.0240501, 0.0159037, 0.0100292, 0.00587766, 0.00326188, 0.00159356], [0.644231, 0.62217, 0.597241, 0.569416, 0.53782, 0.502917], [0.134871, 0.112689, 0.0923304, 0.0734479, 0.0558436, 0.0409615], [0.445146, 0.421016, 0.395665, 0.368527, 0.339941, 0.309382], [0.0121753, 0.00806677, 0.0050692, 0.00296416, 0.00161786, 0.000818718], [0.000234205, 9.71202e-05, 3.81407e-05, 1.38534e-05, 3.25288e-06, 1.61224e-06], [0.403853, 0.385848, 0.366147, 0.344545, 0.321018, 0.295054], [0.0704744, 0.0587526, 0.0477918, 0.037821, 0.0288043, 0.0209691]]
 Trafico = j
[[0.410854, 0.390414, 0.368953, 0.346237, 0.321944, 0.295984], [0.000447779, 0.000191822, 7.30439e-05, 2.54054e-05, 1.07512e-05, 2.34307e-06], [0.0240501, 0.0159037, 0.0100292, 0.00587766, 0.00326188, 0.00159356], [0.644231, 0.62217, 0.597241, 0.569416, 0.53782, 0.502917], [0.134871, 0.112689, 0.0923304, 0.0734479, 0.0558436, 0.0409615], [0.445146, 0.421016, 0.395665, 0.368527, 0.339941, 0.309382], [0.0121753, 0.00806677, 0.0050692, 0.00296416, 0.00161786, 0.000818718], [0.000234205, 9.71202e-05, 3.81407e-05, 1.38534e-05, 3.25288e-06, 1.61224e-06], [0.403853, 0.385848, 0.366147, 0.344545, 0.321018, 0.295054], [0.0704744, 0.0587526, 0.0477918, 0.037821, 0.0288043, 0.0209691]]


Tipo destrogiro: 
 Trafico = a
[[0.0709143, 0.0517894, 0.0365309, 0.0238762, 0.0149912, 0.00976374], [0.290528, 0.258687, 0.228172, 0.192005, 0.157798, 0.125862], [0.187876, 0.160101, 0.136844, 0.111839, 0.0880671, 0.0672724], [0.0364259, 0.0261726, 0.018679, 0.0123023, 0.00746459, 0.00452025], [0.158195, 0.139004, 0.120996, 0.102294, 0.0825619, 0.0660005]]
 Trafico = b
[[0.0709143, 0.0517894, 0.0365309, 0.0238762, 0.0149912, 0.00976374], [0.290528, 0.258687, 0.228172, 0.192005, 0.157798, 0.125862], [0.187876, 0.160101, 0.136844, 0.111839, 0.0880671, 0.0672724], [0.0364259, 0.0261726, 0.018679, 0.0123023, 0.00746459, 0.00452025], [0.158195, 0.139004, 0.120996, 0.102294, 0.0825619, 0.0660005]]
 Trafico = c
[[0.0709143, 0.0517894, 0.0365309, 0.0238762, 0.0149912, 0.00976374], [0.290528, 0.258687, 0.228172, 0.192005, 0.157798, 0.125862], [0.187876, 0.160101, 0.136844, 0.111839, 0.0880671, 0.0672724], [0.0364259, 0.0261726, 0.018679, 0.0123023, 0.00746459, 0.00452025], [0.158195, 0.139004, 0.120996, 0.102294, 0.0825619, 0.0660005]]
 Trafico = d
[[0.0709143, 0.0517894, 0.0365309, 0.0238762, 0.0149912, 0.00976374], [0.290528, 0.258687, 0.228172, 0.192005, 0.157798, 0.125862], [0.187876, 0.160101, 0.136844, 0.111839, 0.0880671, 0.0672724], [0.0364259, 0.0261726, 0.018679, 0.0123023, 0.00746459, 0.00452025], [0.158195, 0.139004, 0.120996, 0.102294, 0.0825619, 0.0660005]]
 Trafico = e
[[0.0709143, 0.0517894, 0.0365309, 0.0238762, 0.0149912, 0.00976374], [0.290528, 0.258687, 0.228172, 0.192005, 0.157798, 0.125862], [0.187876, 0.160101, 0.136844, 0.111839, 0.0880671, 0.0672724], [0.0364259, 0.0261726, 0.018679, 0.0123023, 0.00746459, 0.00452025], [0.158195, 0.139004, 0.120996, 0.102294, 0.0825619, 0.0660005]]
